Analysis & Synthesis report for proj
Thu Mar 22 21:01:14 2018
Quartus Prime Version 16.0.0 Build 211 04/27/2016 SJ Lite Edition


---------------------
; Table of Contents ;
---------------------
  1. Legal Notice
  2. Analysis & Synthesis Summary
  3. Analysis & Synthesis Settings
  4. Parallel Compilation
  5. Analysis & Synthesis Source Files Read
  6. Analysis & Synthesis Resource Usage Summary
  7. Analysis & Synthesis Resource Utilization by Entity
  8. State Machine - |proj|control:c0|curr_state
  9. Registers Removed During Synthesis
 10. Removed Registers Triggering Further Register Optimizations
 11. General Register Statistics
 12. Port Connectivity Checks: "control:c0"
 13. Post-Synthesis Netlist Statistics for Top Partition
 14. Elapsed Time Per Partition
 15. Analysis & Synthesis Messages
 16. Analysis & Synthesis Suppressed Messages



----------------
; Legal Notice ;
----------------
Copyright (C) 1991-2016 Altera Corporation. All rights reserved.
Your use of Altera Corporation's design tools, logic functions 
and other software and tools, and its AMPP partner logic 
functions, and any output files from any of the foregoing 
(including device programming or simulation files), and any 
associated documentation or information are expressly subject 
to the terms and conditions of the Altera Program License 
Subscription Agreement, the Altera Quartus Prime License Agreement,
the Altera MegaCore Function License Agreement, or other 
applicable license agreement, including, without limitation, 
that your use is for the sole purpose of programming logic 
devices manufactured by Altera and sold by Altera or its 
authorized distributors.  Please refer to the applicable 
agreement for further details.



+----------------------------------------------------------------------------------+
; Analysis & Synthesis Summary                                                     ;
+------------------------------------+---------------------------------------------+
; Analysis & Synthesis Status        ; Successful - Thu Mar 22 21:01:14 2018       ;
; Quartus Prime Version              ; 16.0.0 Build 211 04/27/2016 SJ Lite Edition ;
; Revision Name                      ; proj                                        ;
; Top-level Entity Name              ; proj                                        ;
; Family                             ; Cyclone IV E                                ;
; Total logic elements               ; 0                                           ;
;     Total combinational functions  ; 0                                           ;
;     Dedicated logic registers      ; 0                                           ;
; Total registers                    ; 0                                           ;
; Total pins                         ; 20                                          ;
; Total virtual pins                 ; 0                                           ;
; Total memory bits                  ; 0                                           ;
; Embedded Multiplier 9-bit elements ; 0                                           ;
; Total PLLs                         ; 0                                           ;
+------------------------------------+---------------------------------------------+


+----------------------------------------------------------------------------------------------------------------------+
; Analysis & Synthesis Settings                                                                                        ;
+----------------------------------------------------------------------------+--------------------+--------------------+
; Option                                                                     ; Setting            ; Default Value      ;
+----------------------------------------------------------------------------+--------------------+--------------------+
; Device                                                                     ; EP4CE115F29C7      ;                    ;
; Top-level entity name                                                      ; proj               ; proj               ;
; Family name                                                                ; Cyclone IV E       ; Cyclone V          ;
; Use smart compilation                                                      ; Off                ; Off                ;
; Enable parallel Assembler and TimeQuest Timing Analyzer during compilation ; On                 ; On                 ;
; Enable compact report table                                                ; Off                ; Off                ;
; Restructure Multiplexers                                                   ; Auto               ; Auto               ;
; Create Debugging Nodes for IP Cores                                        ; Off                ; Off                ;
; Preserve fewer node names                                                  ; On                 ; On                 ;
; Disable OpenCore Plus hardware evaluation                                  ; Off                ; Off                ;
; Verilog Version                                                            ; Verilog_2001       ; Verilog_2001       ;
; VHDL Version                                                               ; VHDL_1993          ; VHDL_1993          ;
; State Machine Processing                                                   ; Auto               ; Auto               ;
; Safe State Machine                                                         ; Off                ; Off                ;
; Extract Verilog State Machines                                             ; On                 ; On                 ;
; Extract VHDL State Machines                                                ; On                 ; On                 ;
; Ignore Verilog initial constructs                                          ; Off                ; Off                ;
; Iteration limit for constant Verilog loops                                 ; 5000               ; 5000               ;
; Iteration limit for non-constant Verilog loops                             ; 250                ; 250                ;
; Add Pass-Through Logic to Inferred RAMs                                    ; On                 ; On                 ;
; Infer RAMs from Raw Logic                                                  ; On                 ; On                 ;
; Parallel Synthesis                                                         ; On                 ; On                 ;
; DSP Block Balancing                                                        ; Auto               ; Auto               ;
; NOT Gate Push-Back                                                         ; On                 ; On                 ;
; Power-Up Don't Care                                                        ; On                 ; On                 ;
; Remove Redundant Logic Cells                                               ; Off                ; Off                ;
; Remove Duplicate Registers                                                 ; On                 ; On                 ;
; Ignore CARRY Buffers                                                       ; Off                ; Off                ;
; Ignore CASCADE Buffers                                                     ; Off                ; Off                ;
; Ignore GLOBAL Buffers                                                      ; Off                ; Off                ;
; Ignore ROW GLOBAL Buffers                                                  ; Off                ; Off                ;
; Ignore LCELL Buffers                                                       ; Off                ; Off                ;
; Ignore SOFT Buffers                                                        ; On                 ; On                 ;
; Limit AHDL Integers to 32 Bits                                             ; Off                ; Off                ;
; Optimization Technique                                                     ; Balanced           ; Balanced           ;
; Carry Chain Length                                                         ; 70                 ; 70                 ;
; Auto Carry Chains                                                          ; On                 ; On                 ;
; Auto Open-Drain Pins                                                       ; On                 ; On                 ;
; Perform WYSIWYG Primitive Resynthesis                                      ; Off                ; Off                ;
; Auto ROM Replacement                                                       ; On                 ; On                 ;
; Auto RAM Replacement                                                       ; On                 ; On                 ;
; Auto DSP Block Replacement                                                 ; On                 ; On                 ;
; Auto Shift Register Replacement                                            ; Auto               ; Auto               ;
; Allow Shift Register Merging across Hierarchies                            ; Auto               ; Auto               ;
; Auto Clock Enable Replacement                                              ; On                 ; On                 ;
; Strict RAM Replacement                                                     ; Off                ; Off                ;
; Allow Synchronous Control Signals                                          ; On                 ; On                 ;
; Force Use of Synchronous Clear Signals                                     ; Off                ; Off                ;
; Auto RAM Block Balancing                                                   ; On                 ; On                 ;
; Auto RAM to Logic Cell Conversion                                          ; Off                ; Off                ;
; Auto Resource Sharing                                                      ; Off                ; Off                ;
; Allow Any RAM Size For Recognition                                         ; Off                ; Off                ;
; Allow Any ROM Size For Recognition                                         ; Off                ; Off                ;
; Allow Any Shift Register Size For Recognition                              ; Off                ; Off                ;
; Use LogicLock Constraints during Resource Balancing                        ; On                 ; On                 ;
; Ignore translate_off and synthesis_off directives                          ; Off                ; Off                ;
; Timing-Driven Synthesis                                                    ; On                 ; On                 ;
; Report Parameter Settings                                                  ; On                 ; On                 ;
; Report Source Assignments                                                  ; On                 ; On                 ;
; Report Connectivity Checks                                                 ; On                 ; On                 ;
; Ignore Maximum Fan-Out Assignments                                         ; Off                ; Off                ;
; Synchronization Register Chain Length                                      ; 2                  ; 2                  ;
; PowerPlay Power Optimization During Synthesis                              ; Normal compilation ; Normal compilation ;
; HDL message level                                                          ; Level2             ; Level2             ;
; Suppress Register Optimization Related Messages                            ; Off                ; Off                ;
; Number of Removed Registers Reported in Synthesis Report                   ; 5000               ; 5000               ;
; Number of Swept Nodes Reported in Synthesis Report                         ; 5000               ; 5000               ;
; Number of Inverted Registers Reported in Synthesis Report                  ; 100                ; 100                ;
; Clock MUX Protection                                                       ; On                 ; On                 ;
; Auto Gated Clock Conversion                                                ; Off                ; Off                ;
; Block Design Naming                                                        ; Auto               ; Auto               ;
; SDC constraint protection                                                  ; Off                ; Off                ;
; Synthesis Effort                                                           ; Auto               ; Auto               ;
; Shift Register Replacement - Allow Asynchronous Clear Signal               ; On                 ; On                 ;
; Pre-Mapping Resynthesis Optimization                                       ; Off                ; Off                ;
; Analysis & Synthesis Message Level                                         ; Medium             ; Medium             ;
; Disable Register Merging Across Hierarchies                                ; Auto               ; Auto               ;
; Resource Aware Inference For Block RAM                                     ; On                 ; On                 ;
; Synthesis Seed                                                             ; 1                  ; 1                  ;
+----------------------------------------------------------------------------+--------------------+--------------------+


Parallel compilation was disabled, but you have multiple processors available. Enable parallel compilation to reduce compilation time.
+-------------------------------------+
; Parallel Compilation                ;
+----------------------------+--------+
; Processors                 ; Number ;
+----------------------------+--------+
; Number detected on machine ; 4      ;
; Maximum allowed            ; 1      ;
+----------------------------+--------+


+----------------------------------------------------------------------------------------------------------------------------------------------------------------------------+
; Analysis & Synthesis Source Files Read                                                                                                                                     ;
+----------------------------------+-----------------+------------------------+------------------------------------------------------------------------------------+---------+
; File Name with User-Entered Path ; Used in Netlist ; File Type              ; File Name with Absolute Path                                                       ; Library ;
+----------------------------------+-----------------+------------------------+------------------------------------------------------------------------------------+---------+
; start.v                          ; yes             ; User Verilog HDL File  ; /courses/courses/cscb58w18/sunyuan8/project/cscb58-final-project/schematic/start.v ;         ;
+----------------------------------+-----------------+------------------------+------------------------------------------------------------------------------------+---------+


+--------------------------------------------------------------+
; Analysis & Synthesis Resource Usage Summary                  ;
+---------------------------------------------+----------------+
; Resource                                    ; Usage          ;
+---------------------------------------------+----------------+
;                                             ;                ;
; Total combinational functions               ; 0              ;
; Logic element usage by number of LUT inputs ;                ;
;     -- 4 input functions                    ; 0              ;
;     -- 3 input functions                    ; 0              ;
;     -- <=2 input functions                  ; 0              ;
;                                             ;                ;
; Logic elements by mode                      ;                ;
;     -- normal mode                          ; 0              ;
;     -- arithmetic mode                      ; 0              ;
;                                             ;                ;
; Total registers                             ; 0              ;
;     -- Dedicated logic registers            ; 0              ;
;     -- I/O registers                        ; 0              ;
;                                             ;                ;
; I/O pins                                    ; 20             ;
;                                             ;                ;
; Embedded Multiplier 9-bit elements          ; 0              ;
;                                             ;                ;
; Maximum fan-out node                        ; LEDR[0]~output ;
; Maximum fan-out                             ; 1              ;
; Total fan-out                               ; 21             ;
; Average fan-out                             ; 0.53           ;
+---------------------------------------------+----------------+


+-------------------------------------------------------------------------------------------------------------------------------------------------------------------------------------------+
; Analysis & Synthesis Resource Utilization by Entity                                                                                                                                       ;
+----------------------------+-------------------+--------------+-------------+--------------+---------+-----------+------+--------------+---------------------+-------------+--------------+
; Compilation Hierarchy Node ; LC Combinationals ; LC Registers ; Memory Bits ; DSP Elements ; DSP 9x9 ; DSP 18x18 ; Pins ; Virtual Pins ; Full Hierarchy Name ; Entity Name ; Library Name ;
+----------------------------+-------------------+--------------+-------------+--------------+---------+-----------+------+--------------+---------------------+-------------+--------------+
; |proj                      ; 0 (0)             ; 0 (0)        ; 0           ; 0            ; 0       ; 0         ; 20   ; 0            ; |proj               ; proj        ; work         ;
+----------------------------+-------------------+--------------+-------------+--------------+---------+-----------+------+--------------+---------------------+-------------+--------------+
Note: For table entries with two numbers listed, the numbers in parentheses indicate the number of resources of the given type used by the specific entity alone. The numbers listed outside of parentheses indicate the total resources of the given type used by the specific entity and all of its sub-entities in the hierarchy.


Encoding Type:  One-Hot
+------------------------------------------------------------------------------------------------------------------------------+
; State Machine - |proj|control:c0|curr_state                                                                                  ;
+-----------------------+----------------------+-----------------+------------------+-----------------------+------------------+
; Name                  ; curr_state.UPDATE_XY ; curr_state.MOVE ; curr_state.CLEAR ; curr_state.SELECT_DIR ; curr_state.RESET ;
+-----------------------+----------------------+-----------------+------------------+-----------------------+------------------+
; curr_state.RESET      ; 0                    ; 0               ; 0                ; 0                     ; 0                ;
; curr_state.SELECT_DIR ; 0                    ; 0               ; 0                ; 1                     ; 1                ;
; curr_state.CLEAR      ; 0                    ; 0               ; 1                ; 0                     ; 1                ;
; curr_state.MOVE       ; 0                    ; 1               ; 0                ; 0                     ; 1                ;
; curr_state.UPDATE_XY  ; 1                    ; 0               ; 0                ; 0                     ; 1                ;
+-----------------------+----------------------+-----------------+------------------+-----------------------+------------------+


+--------------------------------------------------------------------------------+
; Registers Removed During Synthesis                                             ;
+-----------------------------------------+--------------------------------------+
; Register name                           ; Reason for Removal                   ;
+-----------------------------------------+--------------------------------------+
; control:c0|rate_divider:rd|count[0..27] ; Stuck at GND due to stuck port clock ;
; control:c0|curr_state~2                 ; Lost fanout                          ;
; control:c0|curr_state~3                 ; Lost fanout                          ;
; control:c0|curr_state.RESET             ; Stuck at GND due to stuck port clock ;
; control:c0|curr_state.SELECT_DIR        ; Stuck at GND due to stuck port clock ;
; control:c0|curr_state.UPDATE_XY         ; Lost fanout                          ;
; control:c0|curr_state.MOVE              ; Lost fanout                          ;
; control:c0|curr_state.CLEAR             ; Lost fanout                          ;
; Total Number of Removed Registers = 35  ;                                      ;
+-----------------------------------------+--------------------------------------+


+---------------------------------------------------------------------------------------------------------------------------+
; Removed Registers Triggering Further Register Optimizations                                                               ;
+----------------------------------+-------------------------+--------------------------------------------------------------+
; Register name                    ; Reason for Removal      ; Registers Removed due to This Register                       ;
+----------------------------------+-------------------------+--------------------------------------------------------------+
; control:c0|curr_state~2          ; Lost Fanouts            ; control:c0|curr_state.UPDATE_XY, control:c0|curr_state.CLEAR ;
; control:c0|curr_state.SELECT_DIR ; Stuck at GND            ; control:c0|curr_state.MOVE                                   ;
;                                  ; due to stuck port clock ;                                                              ;
+----------------------------------+-------------------------+--------------------------------------------------------------+


+------------------------------------------------------+
; General Register Statistics                          ;
+----------------------------------------------+-------+
; Statistic                                    ; Value ;
+----------------------------------------------+-------+
; Total registers                              ; 0     ;
; Number of registers using Synchronous Clear  ; 0     ;
; Number of registers using Synchronous Load   ; 0     ;
; Number of registers using Asynchronous Clear ; 0     ;
; Number of registers using Asynchronous Load  ; 0     ;
; Number of registers using Clock Enable       ; 0     ;
; Number of registers using Preset             ; 0     ;
+----------------------------------------------+-------+


+--------------------------------------------------+
; Port Connectivity Checks: "control:c0"           ;
+----------------+-------+----------+--------------+
; Port           ; Type  ; Severity ; Details      ;
+----------------+-------+----------+--------------+
; clk            ; Input ; Info     ; Stuck at VCC ;
; rate[27..25]   ; Input ; Info     ; Stuck at GND ;
; rate[23..21]   ; Input ; Info     ; Stuck at GND ;
; rate[19..17]   ; Input ; Info     ; Stuck at GND ;
; rate[15..13]   ; Input ; Info     ; Stuck at GND ;
; rate[11..9]    ; Input ; Info     ; Stuck at GND ;
; rate[7..5]     ; Input ; Info     ; Stuck at GND ;
; rate[3..1]     ; Input ; Info     ; Stuck at GND ;
; rate[24]       ; Input ; Info     ; Stuck at VCC ;
; rate[20]       ; Input ; Info     ; Stuck at VCC ;
; rate[16]       ; Input ; Info     ; Stuck at VCC ;
; rate[12]       ; Input ; Info     ; Stuck at VCC ;
; rate[8]        ; Input ; Info     ; Stuck at VCC ;
; rate[4]        ; Input ; Info     ; Stuck at VCC ;
; rate[0]        ; Input ; Info     ; Stuck at VCC ;
; offset[27..25] ; Input ; Info     ; Stuck at GND ;
; offset[23..21] ; Input ; Info     ; Stuck at GND ;
; offset[19..17] ; Input ; Info     ; Stuck at GND ;
; offset[15..13] ; Input ; Info     ; Stuck at GND ;
; offset[11..9]  ; Input ; Info     ; Stuck at GND ;
; offset[7..5]   ; Input ; Info     ; Stuck at GND ;
; offset[3..1]   ; Input ; Info     ; Stuck at GND ;
; offset[24]     ; Input ; Info     ; Stuck at VCC ;
; offset[20]     ; Input ; Info     ; Stuck at VCC ;
; offset[16]     ; Input ; Info     ; Stuck at VCC ;
; offset[12]     ; Input ; Info     ; Stuck at VCC ;
; offset[8]      ; Input ; Info     ; Stuck at VCC ;
; offset[4]      ; Input ; Info     ; Stuck at VCC ;
; offset[0]      ; Input ; Info     ; Stuck at VCC ;
+----------------+-------+----------+--------------+


+-----------------------------------------------------+
; Post-Synthesis Netlist Statistics for Top Partition ;
+-----------------------+-----------------------------+
; Type                  ; Count                       ;
+-----------------------+-----------------------------+
; boundary_port         ; 20                          ;
; cycloneiii_lcell_comb ; 1                           ;
;     normal            ; 1                           ;
;         0 data inputs ; 1                           ;
;                       ;                             ;
; Max LUT depth         ; 0.00                        ;
; Average LUT depth     ; 0.00                        ;
+-----------------------+-----------------------------+


+-------------------------------+
; Elapsed Time Per Partition    ;
+----------------+--------------+
; Partition Name ; Elapsed Time ;
+----------------+--------------+
; Top            ; 00:00:00     ;
+----------------+--------------+


+-------------------------------+
; Analysis & Synthesis Messages ;
+-------------------------------+
Info: *******************************************************************
Info: Running Quartus Prime Analysis & Synthesis
    Info: Version 16.0.0 Build 211 04/27/2016 SJ Lite Edition
    Info: Processing started: Thu Mar 22 21:01:05 2018
Info: Command: quartus_map --read_settings_files=on --write_settings_files=off proj -c proj
Warning (20028): Parallel compilation is not licensed and has been disabled
Info (12021): Found 3 design units, including 3 entities, in source file start.v
    Info (12023): Found entity 1: control File: /courses/courses/cscb58w18/sunyuan8/project/cscb58-final-project/schematic/start.v Line: 1
    Info (12023): Found entity 2: rate_divider File: /courses/courses/cscb58w18/sunyuan8/project/cscb58-final-project/schematic/start.v Line: 61
    Info (12023): Found entity 3: proj File: /courses/courses/cscb58w18/sunyuan8/project/cscb58-final-project/schematic/start.v Line: 81
Info (12021): Found 1 design units, including 1 entities, in source file vga_adapter/vga_controller.v
    Info (12023): Found entity 1: vga_controller File: /courses/courses/cscb58w18/sunyuan8/project/cscb58-final-project/schematic/vga_adapter/vga_controller.v Line: 9
Info (12021): Found 1 design units, including 1 entities, in source file vga_adapter/vga_address_translator.v
    Info (12023): Found entity 1: vga_address_translator File: /courses/courses/cscb58w18/sunyuan8/project/cscb58-final-project/schematic/vga_adapter/vga_address_translator.v Line: 4
Info (12021): Found 1 design units, including 1 entities, in source file vga_adapter/vga_adapter.v
    Info (12023): Found entity 1: vga_adapter File: /courses/courses/cscb58w18/sunyuan8/project/cscb58-final-project/schematic/vga_adapter/vga_adapter.v Line: 78
Info (12021): Found 1 design units, including 1 entities, in source file vga_adapter/vga_pll.v
    Info (12023): Found entity 1: vga_pll File: /courses/courses/cscb58w18/sunyuan8/project/cscb58-final-project/schematic/vga_adapter/vga_pll.v Line: 36
Info (12021): Found 0 design units, including 0 entities, in source file proj.v
Info (12127): Elaborating entity "proj" for the top level hierarchy
Warning (10034): Output port "LEDR[5..3]" at start.v(83) has no driver File: /courses/courses/cscb58w18/sunyuan8/project/cscb58-final-project/schematic/start.v Line: 83
Info (12128): Elaborating entity "control" for hierarchy "control:c0" File: /courses/courses/cscb58w18/sunyuan8/project/cscb58-final-project/schematic/start.v Line: 85
Info (10264): Verilog HDL Case Statement information at start.v(33): all case item expressions in this case statement are onehot File: /courses/courses/cscb58w18/sunyuan8/project/cscb58-final-project/schematic/start.v Line: 33
Warning (10034): Output port "dir_out" at start.v(9) has no driver File: /courses/courses/cscb58w18/sunyuan8/project/cscb58-final-project/schematic/start.v Line: 9
Warning (10034): Output port "load_xy" at start.v(6) has no driver File: /courses/courses/cscb58w18/sunyuan8/project/cscb58-final-project/schematic/start.v Line: 6
Warning (10034): Output port "clear" at start.v(7) has no driver File: /courses/courses/cscb58w18/sunyuan8/project/cscb58-final-project/schematic/start.v Line: 7
Info (12128): Elaborating entity "rate_divider" for hierarchy "control:c0|rate_divider:rd" File: /courses/courses/cscb58w18/sunyuan8/project/cscb58-final-project/schematic/start.v Line: 29
Warning (10230): Verilog HDL assignment warning at start.v(69): truncated value with size 32 to match size of target (1) File: /courses/courses/cscb58w18/sunyuan8/project/cscb58-final-project/schematic/start.v Line: 69
Warning (10230): Verilog HDL assignment warning at start.v(76): truncated value with size 32 to match size of target (28) File: /courses/courses/cscb58w18/sunyuan8/project/cscb58-final-project/schematic/start.v Line: 76
Warning (13024): Output pins are stuck at VCC or GND
    Warning (13410): Pin "LEDR[1]" is stuck at GND File: /courses/courses/cscb58w18/sunyuan8/project/cscb58-final-project/schematic/start.v Line: 83
    Warning (13410): Pin "LEDR[2]" is stuck at GND File: /courses/courses/cscb58w18/sunyuan8/project/cscb58-final-project/schematic/start.v Line: 83
    Warning (13410): Pin "LEDR[3]" is stuck at GND File: /courses/courses/cscb58w18/sunyuan8/project/cscb58-final-project/schematic/start.v Line: 83
    Warning (13410): Pin "LEDR[4]" is stuck at GND File: /courses/courses/cscb58w18/sunyuan8/project/cscb58-final-project/schematic/start.v Line: 83
    Warning (13410): Pin "LEDR[5]" is stuck at GND File: /courses/courses/cscb58w18/sunyuan8/project/cscb58-final-project/schematic/start.v Line: 83
    Warning (13410): Pin "LEDR[6]" is stuck at GND File: /courses/courses/cscb58w18/sunyuan8/project/cscb58-final-project/schematic/start.v Line: 83
    Warning (13410): Pin "LEDR[7]" is stuck at GND File: /courses/courses/cscb58w18/sunyuan8/project/cscb58-final-project/schematic/start.v Line: 83
    Warning (13410): Pin "LEDR[8]" is stuck at GND File: /courses/courses/cscb58w18/sunyuan8/project/cscb58-final-project/schematic/start.v Line: 83
    Warning (13410): Pin "LEDR[9]" is stuck at GND File: /courses/courses/cscb58w18/sunyuan8/project/cscb58-final-project/schematic/start.v Line: 83
Info (17049): 5 registers lost all their fanouts during netlist optimizations.
Info (144001): Generated suppressed messages file /courses/courses/cscb58w18/sunyuan8/project/cscb58-final-project/schematic/output_files/proj.map.smsg
Info (16010): Generating hard_block partition "hard_block:auto_generated_inst"
    Info (16011): Adding 0 node(s), including 0 DDIO, 0 PLL, 0 transceiver and 0 LCELL
Warning (21074): Design contains 9 input pin(s) that do not drive logic
    Warning (15610): No output dependent on input pin "SW[1]" File: /courses/courses/cscb58w18/sunyuan8/project/cscb58-final-project/schematic/start.v Line: 82
    Warning (15610): No output dependent on input pin "SW[2]" File: /courses/courses/cscb58w18/sunyuan8/project/cscb58-final-project/schematic/start.v Line: 82
    Warning (15610): No output dependent on input pin "SW[3]" File: /courses/courses/cscb58w18/sunyuan8/project/cscb58-final-project/schematic/start.v Line: 82
    Warning (15610): No output dependent on input pin "SW[4]" File: /courses/courses/cscb58w18/sunyuan8/project/cscb58-final-project/schematic/start.v Line: 82
    Warning (15610): No output dependent on input pin "SW[5]" File: /courses/courses/cscb58w18/sunyuan8/project/cscb58-final-project/schematic/start.v Line: 82
    Warning (15610): No output dependent on input pin "SW[6]" File: /courses/courses/cscb58w18/sunyuan8/project/cscb58-final-project/schematic/start.v Line: 82
    Warning (15610): No output dependent on input pin "SW[7]" File: /courses/courses/cscb58w18/sunyuan8/project/cscb58-final-project/schematic/start.v Line: 82
    Warning (15610): No output dependent on input pin "SW[8]" File: /courses/courses/cscb58w18/sunyuan8/project/cscb58-final-project/schematic/start.v Line: 82
    Warning (15610): No output dependent on input pin "SW[9]" File: /courses/courses/cscb58w18/sunyuan8/project/cscb58-final-project/schematic/start.v Line: 82
Info (21057): Implemented 20 device resources after synthesis - the final resource count might be different
    Info (21058): Implemented 10 input pins
    Info (21059): Implemented 10 output pins
Info: Quartus Prime Analysis & Synthesis was successful. 0 errors, 27 warnings
    Info: Peak virtual memory: 1226 megabytes
    Info: Processing ended: Thu Mar 22 21:01:14 2018
    Info: Elapsed time: 00:00:09
    Info: Total CPU time (on all processors): 00:00:19


+------------------------------------------+
; Analysis & Synthesis Suppressed Messages ;
+------------------------------------------+
The suppressed messages can be found in /courses/courses/cscb58w18/sunyuan8/project/cscb58-final-project/schematic/output_files/proj.map.smsg.


